Release 14.7 - ngc2edif P.20131013 (nt64)
Copyright (c) 1995-2013 Xilinx, Inc.  All rights reserved.
Reading design data_ram.ngc ...
WARNING:NetListWriters:298 - No output is written to data_ram.xncf, ignored.
Processing design ...
   Preping design's networks ...
   Preping design's macros ...
  finished :Prep
Writing EDIF netlist file data_ram.edif ...
ngc2edif: Total memory usage is 84920 kilobytes

Release 14.7 - ngc2edif P.20131013 (nt64)
Copyright (c) 1995-2013 Xilinx, Inc.  All rights reserved.
Reading design instruction_ram.ngc ...
WARNING:NetListWriters:298 - No output is written to instruction_ram.xncf,
   ignored.
Processing design ...
   Preping design's networks ...
   Preping design's macros ...
  finished :Prep
Writing EDIF netlist file instruction_ram.edif ...
ngc2edif: Total memory usage is 80336 kilobytes

Release 14.7 - ngc2edif P.20131013 (nt64)
Copyright (c) 1995-2013 Xilinx, Inc.  All rights reserved.
Reading design system_top.ngc ...
WARNING:NetListWriters:298 - No output is written to system_top.xncf, ignored.
Processing design ...
   Preping design's networks ...
   Preping design's macros ...
  finished :Prep
Writing EDIF netlist file system_top.edif ...
ngc2edif: Total memory usage is 84920 kilobytes

Release 14.7 - ngc2edif P.20131013 (nt64)
Copyright (c) 1995-2013 Xilinx, Inc.  All rights reserved.
Reading design system_top.ngc ...
WARNING:NetListWriters:298 - No output is written to system_top.xncf, ignored.
Processing design ...
   Preping design's networks ...
   Preping design's macros ...
  finished :Prep
Writing EDIF netlist file system_top.edif ...
ngc2edif: Total memory usage is 84920 kilobytes

Release 14.7 - ngc2edif P.20131013 (nt64)
Copyright (c) 1995-2013 Xilinx, Inc.  All rights reserved.
Reading design data_ram.ngc ...
WARNING:NetListWriters:298 - No output is written to data_ram.xncf, ignored.
Processing design ...
   Preping design's networks ...
   Preping design's macros ...
  finished :Prep
Writing EDIF netlist file data_ram.edif ...
ngc2edif: Total memory usage is 84432 kilobytes

Release 14.7 - ngc2edif P.20131013 (nt64)
Copyright (c) 1995-2013 Xilinx, Inc.  All rights reserved.
Reading design instruction_ram.ngc ...
WARNING:NetListWriters:298 - No output is written to instruction_ram.xncf,
   ignored.
Processing design ...
   Preping design's networks ...
   Preping design's macros ...
  finished :Prep
Writing EDIF netlist file instruction_ram.edif ...
ngc2edif: Total memory usage is 80336 kilobytes

