--------------------------------------------------------------------------------
Release 14.7 Trace  (nt64)
Copyright (c) 1995-2013 Xilinx, Inc.  All rights reserved.

E:\Programs\Xilinx\14.7\ISE_DS\ISE\bin\nt64\unwrapped\trce.exe -intstyle ise -v
3 -s 3 -n 3 -fastpaths -xml system_top.twx system_top.ncd -o system_top.twr
system_top.pcf -ucf system_top.ucf

Design file:              system_top.ncd
Physical constraint file: system_top.pcf
Device,package,speed:     xc6slx45,csg324,C,-3 (PRODUCTION 1.23 2013-10-13)
Report level:             verbose report

Environment Variable      Effect 
--------------------      ------ 
NONE                      No environment variables were set
--------------------------------------------------------------------------------

INFO:Timing:2698 - No timing constraints found, doing default enumeration.
INFO:Timing:3412 - To improve timing, see the Timing Closure User Guide (UG612).
INFO:Timing:2752 - To get complete path coverage, use the unconstrained paths 
   option. All paths that are not constrained will be reported in the 
   unconstrained paths section(s) of the report.
INFO:Timing:3339 - The clock-to-out numbers in this timing report are based on 
   a 50 Ohm transmission line loading model.  For the details of this model, 
   and for more information on accounting for different loading conditions, 
   please see the device datasheet.



Data Sheet report:
-----------------
All values displayed in nanoseconds (ns)

Setup/Hold to clock CLK
------------+------------+------------+------------+------------+------------------+--------+
            |Max Setup to|  Process   |Max Hold to |  Process   |                  | Clock  |
Source      | clk (edge) |   Corner   | clk (edge) |   Corner   |Internal Clock(s) | Phase  |
------------+------------+------------+------------+------------+------------------+--------+
OK          |    2.497(R)|      SLOW  |   -1.313(R)|      SLOW  |CLK_BUFGP         |   0.000|
RESET       |    4.122(R)|      SLOW  |   -2.247(R)|      FAST  |CLK_BUFGP         |   0.000|
RX          |    5.264(R)|      SLOW  |   -1.741(R)|      FAST  |CLK_BUFGP         |   0.000|
SW<0>       |    4.215(R)|      SLOW  |   -1.986(R)|      FAST  |CLK_BUFGP         |   0.000|
------------+------------+------------+------------+------------+------------------+--------+

Clock CLK to Pad
------------+-----------------+------------+-----------------+------------+------------------+--------+
            |Max (slowest) clk|  Process   |Min (fastest) clk|  Process   |                  | Clock  |
Destination |  (edge) to PAD  |   Corner   |  (edge) to PAD  |   Corner   |Internal Clock(s) | Phase  |
------------+-----------------+------------+-----------------+------------+------------------+--------+
LED<0>      |        10.228(R)|      SLOW  |         5.722(R)|      FAST  |CLK_BUFGP         |   0.000|
LED<1>      |        10.226(R)|      SLOW  |         5.655(R)|      FAST  |CLK_BUFGP         |   0.000|
LED<2>      |        10.607(R)|      SLOW  |         5.937(R)|      FAST  |CLK_BUFGP         |   0.000|
LED<4>      |        11.346(R)|      SLOW  |         5.945(R)|      FAST  |CLK_BUFGP         |   0.000|
LED<5>      |        12.747(R)|      SLOW  |         6.889(R)|      FAST  |CLK_BUFGP         |   0.000|
LED<6>      |        13.038(R)|      SLOW  |         7.110(R)|      FAST  |CLK_BUFGP         |   0.000|
LED<7>      |        12.483(R)|      SLOW  |         6.656(R)|      FAST  |CLK_BUFGP         |   0.000|
TX          |        10.313(R)|      SLOW  |         5.679(R)|      FAST  |CLK_BUFGP         |   0.000|
------------+-----------------+------------+-----------------+------------+------------------+--------+

Clock to Setup on destination clock CLK
---------------+---------+---------+---------+---------+
               | Src:Rise| Src:Fall| Src:Rise| Src:Fall|
Source Clock   |Dest:Rise|Dest:Rise|Dest:Fall|Dest:Fall|
---------------+---------+---------+---------+---------+
CLK            |    8.371|         |         |         |
---------------+---------+---------+---------+---------+


Analysis completed Sat Aug 20 21:45:46 2016 
--------------------------------------------------------------------------------

Trace Settings:
-------------------------
Trace Settings 

Peak Memory Usage: 312 MB



